<?xml version="1.0" encoding="UTF-8"?>
<!-- Generated by org.testng.reporters.JUnitReportReporter -->
<testsuite skipped="0" hostname="ROQ-021" name="runners.TestRunner" tests="1" failures="0" timestamp="27 Mar 2019 08:28:54 GMT" time="43.682" errors="0">
  <testcase name="feature" time="43.682" classname="runners.TestRunner"/>
</testsuite> <!-- runners.TestRunner -->
