<?xml version="1.0" encoding="UTF-8"?>
<!-- Generated by org.testng.reporters.JUnitReportReporter -->
<testsuite skipped="0" hostname="ROQ-021" name="api.tests.TestExecutor" tests="1" failures="0" timestamp="12 Apr 2019 10:39:12 GMT" time="21.437" errors="0">
  <testcase name="deleteBoards" time="21.437" classname="api.tests.TestExecutor"/>
</testsuite> <!-- api.tests.TestExecutor -->
