<?xml version="1.0" encoding="UTF-8"?>
<!-- Generated by org.testng.reporters.JUnitReportReporter -->
<testsuite skipped="0" hostname="ROQ-021" name="trelloapi.test.TrelloAPITests" tests="1" failures="0" timestamp="14 Mar 2019 15:33:58 GMT" time="55.498" errors="0">
  <testcase name="test" time="55.498" classname="trelloapi.test.TrelloAPITests"/>
</testsuite> <!-- trelloapi.test.TrelloAPITests -->
