<?xml version="1.0" encoding="UTF-8"?>
<!-- Generated by org.testng.reporters.JUnitReportReporter -->
<testsuite skipped="0" hostname="ROQ-021" name="trelloAPI.tests.TestExecutor" tests="1" failures="0" timestamp="21 Mar 2019 09:45:10 GMT" time="27.123" errors="0">
  <testcase name="test" time="27.123" classname="trelloAPI.tests.TestExecutor"/>
</testsuite> <!-- trelloAPI.tests.TestExecutor -->
