<?xml version="1.0" encoding="UTF-8"?>
<!-- Generated by org.testng.reporters.JUnitReportReporter -->
<testsuite skipped="0" hostname="ROQ-021" name="trelloapi.TrelloAPI" tests="4" failures="0" timestamp="04 Mar 2019 23:26:28 GMT" time="2.914" errors="0">
  <testcase name="createBoardTest" time="2.895" classname="trelloapi.TrelloAPI"/>
  <testcase name="addCardToListTest" time="0.017" classname="trelloapi.TrelloAPI"/>
  <testcase name="deleteBoardTest" time="0.001" classname="trelloapi.TrelloAPI"/>
  <testcase name="addListToBoardTest" time="0.001" classname="trelloapi.TrelloAPI"/>
</testsuite> <!-- trelloapi.TrelloAPI -->
